<?xml version="1.0" encoding="UTF-8"?>
<!-- Generated by org.testng.reporters.JUnitXMLReporter -->
<testsuite hostname="DESKTOP-V123S32" ignored="0" name="Register Test" tests="1" failures="1" timestamp="2020-05-15T16:10:09 IST" time="0.063" errors="0">
  <testcase name="register" time="0.016" classname="testcases.ValidateUserRegTest">
    <failure type="java.lang.AssertionError" message="The following asserts failed:
	expected [XYZA] but found [XYZ],
	Element not found did not expect to find [true] but found [false],
	Submit button was not there">
      <![CDATA[java.lang.AssertionError: The following asserts failed:
expected [XYZA] but found [XYZ],
Element not found did not expect to find [true] but found [false],
Submit button was not there
at testcases.ValidateUserRegTest.register(ValidateUserRegTest.java:20)
at java.util.ArrayList.forEach(Unknown Source)
... Removed 29 stack frames]]>
    </failure>
  </testcase> <!-- register -->
</testsuite> <!-- Register Test -->
