<?xml version="1.0" encoding="UTF-8"?>
<!-- Generated by org.testng.reporters.JUnitXMLReporter -->
<testsuite ignored="0" hostname="DESKTOP-P9KBR0D" failures="1" tests="1" name="Register Test" time="0.013" errors="0" timestamp="2022-08-14T19:07:16 IST">
  <testcase classname="testcases.suiteb.ValidateUserRegTest" name="register" time="0.008">
    <failure type="java.lang.AssertionError" message="The following asserts failed:
	expected [XYZA] but found [XYZ],
	Element not found expected [true] but found [false],
	Submit button was not there">
      <![CDATA[java.lang.AssertionError: The following asserts failed:
expected [XYZA] but found [XYZ],
Element not found expected [true] but found [false],
Submit button was not there
at testcases.suiteb.ValidateUserRegTest.register(ValidateUserRegTest.java:20)
at java.base/java.util.ArrayList.forEach(ArrayList.java:1541)
... Removed 30 stack frames]]>
    </failure>
  </testcase> <!-- register -->
</testsuite> <!-- Register Test -->
