<?xml version="1.0" encoding="UTF-8"?>
<testng-results ignored="0" total="13" passed="12" failed="1" skipped="0">
  <reporter-output>
  </reporter-output>
  <suite started-at="2022-08-14T19:07:16 IST" name="Suite" finished-at="2022-08-14T19:07:16 IST" duration-ms="0">
    <groups>
    </groups>
  </suite> <!-- Suite -->
  <suite started-at="2022-08-14T19:07:16 IST" name="Suite (0)" finished-at="2022-08-14T19:07:16 IST" duration-ms="47">
    <groups>
    </groups>
    <test started-at="2022-08-14T19:07:16 IST" name="Register Test" finished-at="2022-08-14T19:07:16 IST" duration-ms="13">
      <class name="testcases.suiteb.ValidateUserRegTest">
        <test-method signature="register()[pri:0, instance:testcases.suiteb.ValidateUserRegTest@28f2a10f]" started-at="2022-08-14T19:07:16 IST" name="register" finished-at="2022-08-14T19:07:16 IST" duration-ms="8" status="FAIL">
          <exception class="java.lang.AssertionError">
            <message>
              <![CDATA[The following asserts failed:
expected [XYZA] but found [XYZ],
Element not found expected [true] but found [false],
Submit button was not there]]>
            </message>
            <full-stacktrace>
              <![CDATA[java.lang.AssertionError: The following asserts failed:
expected [XYZA] but found [XYZ],
Element not found expected [true] but found [false],
Submit button was not there
at org.testng.asserts.SoftAssert.assertAll(SoftAssert.java:47)
at org.testng.asserts.SoftAssert.assertAll(SoftAssert.java:31)
at testcases.suiteb.ValidateUserRegTest.register(ValidateUserRegTest.java:20)
at java.base/jdk.internal.reflect.NativeMethodAccessorImpl.invoke0(Native Method)
at java.base/jdk.internal.reflect.NativeMethodAccessorImpl.invoke(NativeMethodAccessorImpl.java:62)
at java.base/jdk.internal.reflect.DelegatingMethodAccessorImpl.invoke(DelegatingMethodAccessorImpl.java:43)
at java.base/java.lang.reflect.Method.invoke(Method.java:566)
at org.testng.internal.MethodInvocationHelper.invokeMethod(MethodInvocationHelper.java:133)
at org.testng.internal.TestInvoker.invokeMethod(TestInvoker.java:598)
at org.testng.internal.TestInvoker.invokeTestMethod(TestInvoker.java:173)
at org.testng.internal.MethodRunner.runInSequence(MethodRunner.java:46)
at org.testng.internal.TestInvoker$MethodInvocationAgent.invoke(TestInvoker.java:824)
at org.testng.internal.TestInvoker.invokeTestMethods(TestInvoker.java:146)
at org.testng.internal.TestMethodWorker.invokeTestMethods(TestMethodWorker.java:146)
at org.testng.internal.TestMethodWorker.run(TestMethodWorker.java:128)
at java.base/java.util.ArrayList.forEach(ArrayList.java:1541)
at org.testng.TestRunner.privateRun(TestRunner.java:794)
at org.testng.TestRunner.run(TestRunner.java:596)
at org.testng.SuiteRunner.runTest(SuiteRunner.java:377)
at org.testng.SuiteRunner.runSequentially(SuiteRunner.java:371)
at org.testng.SuiteRunner.privateRun(SuiteRunner.java:332)
at org.testng.SuiteRunner.run(SuiteRunner.java:276)
at org.testng.SuiteRunnerWorker.runSuite(SuiteRunnerWorker.java:53)
at org.testng.SuiteRunnerWorker.run(SuiteRunnerWorker.java:96)
at org.testng.TestNG.runSuitesSequentially(TestNG.java:1212)
at org.testng.TestNG.runSuitesSequentially(TestNG.java:1207)
at org.testng.TestNG.runSuitesLocally(TestNG.java:1134)
at org.testng.TestNG.runSuites(TestNG.java:1063)
at org.testng.TestNG.run(TestNG.java:1031)
at org.testng.remote.AbstractRemoteTestNG.run(AbstractRemoteTestNG.java:115)
at org.testng.remote.RemoteTestNG.initAndRun(RemoteTestNG.java:251)
at org.testng.remote.RemoteTestNG.main(RemoteTestNG.java:77)
]]>
            </full-stacktrace>
          </exception> <!-- java.lang.AssertionError -->
          <reporter-output>
          </reporter-output>
        </test-method> <!-- register -->
      </class> <!-- testcases.suiteb.ValidateUserRegTest -->
    </test> <!-- Register Test -->
    <test started-at="2022-08-14T19:07:16 IST" name="Purchase Phone Test" finished-at="2022-08-14T19:07:16 IST" duration-ms="16">
      <class name="testcases.suiteb.SearchAndPurchasePhoneTest">
        <test-method signature="search(org.testng.ITestContext)[pri:1, instance:testcases.suiteb.SearchAndPurchasePhoneTest@3b6ddd1d]" started-at="2022-08-14T19:07:16 IST" name="search" finished-at="2022-08-14T19:07:16 IST" duration-ms="1" status="PASS">
          <params>
            <param index="0">
              <value>
                <![CDATA[org.testng.TestRunner@821330f]]>
              </value>
            </param>
          </params>
          <reporter-output>
          </reporter-output>
        </test-method> <!-- search -->
        <test-method signature="selectPhone(org.testng.ITestContext)[pri:2, instance:testcases.suiteb.SearchAndPurchasePhoneTest@3b6ddd1d]" started-at="2022-08-14T19:07:16 IST" name="selectPhone" finished-at="2022-08-14T19:07:16 IST" depends-on-methods="testcases.suiteb.SearchAndPurchasePhoneTest.search" duration-ms="1" status="PASS">
          <params>
            <param index="0">
              <value>
                <![CDATA[org.testng.TestRunner@821330f]]>
              </value>
            </param>
          </params>
          <reporter-output>
          </reporter-output>
        </test-method> <!-- selectPhone -->
        <test-method signature="checkout(org.testng.ITestContext)[pri:3, instance:testcases.suiteb.SearchAndPurchasePhoneTest@3b6ddd1d]" started-at="2022-08-14T19:07:16 IST" name="checkout" finished-at="2022-08-14T19:07:16 IST" depends-on-methods="testcases.suiteb.SearchAndPurchasePhoneTest.search, testcases.suiteb.SearchAndPurchasePhoneTest.selectPhone" duration-ms="1" status="PASS">
          <params>
            <param index="0">
              <value>
                <![CDATA[org.testng.TestRunner@821330f]]>
              </value>
            </param>
          </params>
          <reporter-output>
          </reporter-output>
        </test-method> <!-- checkout -->
      </class> <!-- testcases.suiteb.SearchAndPurchasePhoneTest -->
    </test> <!-- Purchase Phone Test -->
  </suite> <!-- Suite (0) -->
  <suite started-at="2022-08-14T19:07:16 IST" name="Suite A" finished-at="2022-08-14T19:07:16 IST" duration-ms="206">
    <groups>
    </groups>
    <test started-at="2022-08-14T19:07:16 IST" name="Login Test" finished-at="2022-08-14T19:07:16 IST" duration-ms="84">
      <class name="testcases.suitea.LoginTest">
        <test-method is-config="true" signature="init()[pri:0, instance:testcases.suitea.LoginTest@15bbf42f]" started-at="2022-08-14T19:07:16 IST" name="init" finished-at="2022-08-14T19:07:16 IST" duration-ms="11" status="PASS">
          <reporter-output>
          </reporter-output>
        </test-method> <!-- init -->
        <test-method is-config="true" signature="beforeMeth()[pri:0, instance:testcases.suitea.LoginTest@15bbf42f]" started-at="2022-08-14T19:07:16 IST" name="beforeMeth" finished-at="2022-08-14T19:07:16 IST" duration-ms="1" status="PASS">
          <reporter-output>
          </reporter-output>
        </test-method> <!-- beforeMeth -->
        <test-method signature="getData(java.lang.reflect.Method)[pri:0, instance:testcases.suitea.LoginTest@15bbf42f]" started-at="2022-08-14T19:07:16 IST" name="getData" finished-at="2022-08-14T19:07:16 IST" duration-ms="6" status="PASS">
          <params>
            <param index="0">
              <value>
                <![CDATA[public static void testcases.suitea.LoginTest.getData(java.lang.reflect.Method)]]>
              </value>
            </param>
          </params>
          <reporter-output>
          </reporter-output>
        </test-method> <!-- getData -->
        <test-method is-config="true" signature="afterMeth()[pri:0, instance:testcases.suitea.LoginTest@15bbf42f]" started-at="2022-08-14T19:07:16 IST" name="afterMeth" finished-at="2022-08-14T19:07:16 IST" duration-ms="0" status="PASS">
          <reporter-output>
          </reporter-output>
        </test-method> <!-- afterMeth -->
        <test-method is-config="true" signature="beforeMeth()[pri:0, instance:testcases.suitea.LoginTest@15bbf42f]" started-at="2022-08-14T19:07:16 IST" name="beforeMeth" finished-at="2022-08-14T19:07:16 IST" duration-ms="1" status="PASS">
          <reporter-output>
          </reporter-output>
        </test-method> <!-- beforeMeth -->
        <test-method signature="loginTest(org.testng.ITestContext)[pri:0, instance:testcases.suitea.LoginTest@15bbf42f]" started-at="2022-08-14T19:07:16 IST" name="loginTest" finished-at="2022-08-14T19:07:16 IST" duration-ms="2" status="PASS">
          <params>
            <param index="0">
              <value>
                <![CDATA[org.testng.TestRunner@5f049ea1]]>
              </value>
            </param>
          </params>
          <reporter-output>
          </reporter-output>
        </test-method> <!-- loginTest -->
        <test-method is-config="true" signature="afterMeth()[pri:0, instance:testcases.suitea.LoginTest@15bbf42f]" started-at="2022-08-14T19:07:16 IST" name="afterMeth" finished-at="2022-08-14T19:07:16 IST" duration-ms="0" status="PASS">
          <reporter-output>
          </reporter-output>
        </test-method> <!-- afterMeth -->
        <test-method is-config="true" signature="beforeMeth()[pri:0, instance:testcases.suitea.LoginTest@15bbf42f]" started-at="2022-08-14T19:07:16 IST" name="beforeMeth" finished-at="2022-08-14T19:07:16 IST" duration-ms="1" status="PASS">
          <reporter-output>
          </reporter-output>
        </test-method> <!-- beforeMeth -->
        <test-method signature="logout()[pri:0, instance:testcases.suitea.LoginTest@15bbf42f]" started-at="2022-08-14T19:07:16 IST" name="logout" finished-at="2022-08-14T19:07:16 IST" duration-ms="1" status="PASS">
          <reporter-output>
          </reporter-output>
        </test-method> <!-- logout -->
        <test-method is-config="true" signature="afterMeth()[pri:0, instance:testcases.suitea.LoginTest@15bbf42f]" started-at="2022-08-14T19:07:16 IST" name="afterMeth" finished-at="2022-08-14T19:07:16 IST" duration-ms="1" status="PASS">
          <reporter-output>
          </reporter-output>
        </test-method> <!-- afterMeth -->
        <test-method is-config="true" signature="quit()[pri:0, instance:testcases.suitea.LoginTest@15bbf42f]" started-at="2022-08-14T19:07:16 IST" name="quit" finished-at="2022-08-14T19:07:16 IST" duration-ms="0" status="PASS">
          <reporter-output>
          </reporter-output>
        </test-method> <!-- quit -->
      </class> <!-- testcases.suitea.LoginTest -->
    </test> <!-- Login Test -->
    <test started-at="2022-08-14T19:07:16 IST" name="Create User Test" finished-at="2022-08-14T19:07:16 IST" duration-ms="28">
      <class name="testcases.suitea.CreateUser">
        <test-method signature="createUser(java.lang.String,java.lang.String,int,java.lang.String)[pri:0, instance:testcases.suitea.CreateUser@5562c41e]" started-at="2022-08-14T19:07:16 IST" name="createUser" data-provider="getData" finished-at="2022-08-14T19:07:16 IST" duration-ms="2" status="PASS">
          <params>
            <param index="0">
              <value>
                <![CDATA[Chrome]]>
              </value>
            </param>
            <param index="1">
              <value>
                <![CDATA[Admin]]>
              </value>
            </param>
            <param index="2">
              <value>
                <![CDATA[234244]]>
              </value>
            </param>
            <param index="3">
              <value>
                <![CDATA[email1@somedomain.com]]>
              </value>
            </param>
          </params>
          <reporter-output>
          </reporter-output>
        </test-method> <!-- createUser -->
        <test-method signature="createUser(java.lang.String,java.lang.String,int,java.lang.String)[pri:0, instance:testcases.suitea.CreateUser@5562c41e]" started-at="2022-08-14T19:07:16 IST" name="createUser" data-provider="getData" finished-at="2022-08-14T19:07:16 IST" duration-ms="1" status="PASS">
          <params>
            <param index="0">
              <value>
                <![CDATA[Mozilla]]>
              </value>
            </param>
            <param index="1">
              <value>
                <![CDATA[SuperAdmin]]>
              </value>
            </param>
            <param index="2">
              <value>
                <![CDATA[123123]]>
              </value>
            </param>
            <param index="3">
              <value>
                <![CDATA[email2@somedomain.com]]>
              </value>
            </param>
          </params>
          <reporter-output>
          </reporter-output>
        </test-method> <!-- createUser -->
        <test-method signature="createUser(java.lang.String,java.lang.String,int,java.lang.String)[pri:0, instance:testcases.suitea.CreateUser@5562c41e]" started-at="2022-08-14T19:07:16 IST" name="createUser" data-provider="getData" finished-at="2022-08-14T19:07:16 IST" duration-ms="1" status="PASS">
          <params>
            <param index="0">
              <value>
                <![CDATA[ie]]>
              </value>
            </param>
            <param index="1">
              <value>
                <![CDATA[User]]>
              </value>
            </param>
            <param index="2">
              <value>
                <![CDATA[345435]]>
              </value>
            </param>
            <param index="3">
              <value>
                <![CDATA[email3@somedomain.com]]>
              </value>
            </param>
          </params>
          <reporter-output>
          </reporter-output>
        </test-method> <!-- createUser -->
        <test-method signature="deleteUser(java.lang.String,java.lang.String,int,java.lang.String)[pri:0, instance:testcases.suitea.CreateUser@5562c41e]" started-at="2022-08-14T19:07:16 IST" name="deleteUser" data-provider="getData" finished-at="2022-08-14T19:07:16 IST" duration-ms="2" status="PASS">
          <params>
            <param index="0">
              <value>
                <![CDATA[Chrome]]>
              </value>
            </param>
            <param index="1">
              <value>
                <![CDATA[Admin]]>
              </value>
            </param>
            <param index="2">
              <value>
                <![CDATA[234244]]>
              </value>
            </param>
            <param index="3">
              <value>
                <![CDATA[email1@somedomain.com]]>
              </value>
            </param>
          </params>
          <reporter-output>
          </reporter-output>
        </test-method> <!-- deleteUser -->
        <test-method signature="deleteUser(java.lang.String,java.lang.String,int,java.lang.String)[pri:0, instance:testcases.suitea.CreateUser@5562c41e]" started-at="2022-08-14T19:07:16 IST" name="deleteUser" data-provider="getData" finished-at="2022-08-14T19:07:16 IST" duration-ms="2" status="PASS">
          <params>
            <param index="0">
              <value>
                <![CDATA[Mozilla]]>
              </value>
            </param>
            <param index="1">
              <value>
                <![CDATA[SuperAdmin]]>
              </value>
            </param>
            <param index="2">
              <value>
                <![CDATA[123123]]>
              </value>
            </param>
            <param index="3">
              <value>
                <![CDATA[email2@somedomain.com]]>
              </value>
            </param>
          </params>
          <reporter-output>
          </reporter-output>
        </test-method> <!-- deleteUser -->
        <test-method signature="deleteUser(java.lang.String,java.lang.String,int,java.lang.String)[pri:0, instance:testcases.suitea.CreateUser@5562c41e]" started-at="2022-08-14T19:07:16 IST" name="deleteUser" data-provider="getData" finished-at="2022-08-14T19:07:16 IST" duration-ms="1" status="PASS">
          <params>
            <param index="0">
              <value>
                <![CDATA[ie]]>
              </value>
            </param>
            <param index="1">
              <value>
                <![CDATA[User]]>
              </value>
            </param>
            <param index="2">
              <value>
                <![CDATA[345435]]>
              </value>
            </param>
            <param index="3">
              <value>
                <![CDATA[email3@somedomain.com]]>
              </value>
            </param>
          </params>
          <reporter-output>
          </reporter-output>
        </test-method> <!-- deleteUser -->
      </class> <!-- testcases.suitea.CreateUser -->
    </test> <!-- Create User Test -->
  </suite> <!-- Suite A -->
</testng-results>
